build/app/intermediates/manifest_merge_blame_file/release/manifest-merger-blame-release-report.txt
1<?xml version="1.0" encoding="utf-8"?>
2<manifest xmlns:android="http://schemas.android.com/apk/res/android"
3    package="com.jhatfat"
4    android:versionCode="37"
5    android:versionName="37.0" >
6
7    <uses-sdk
8        android:minSdkVersion="21"
8-->src/main/AndroidManifest.xml
9        android:targetSdkVersion="33" />
9-->src/main/AndroidManifest.xml
10
11    <uses-permission android:name="android.permission.CAMERA" />
11-->src/main/AndroidManifest.xml:4:5-65
11-->src/main/AndroidManifest.xml:4:22-62
12    <uses-permission android:name="android.permission.RECORD_AUDIO" />
12-->src/main/AndroidManifest.xml:5:5-71
12-->src/main/AndroidManifest.xml:5:22-68
13
14    <!-- added these permissions -->
15    <uses-permission android:name="android.permission.ACCESS_FINE_LOCATION" />
15-->src/main/AndroidManifest.xml:8:5-79
15-->src/main/AndroidManifest.xml:8:22-76
16    <uses-permission android:name="android.permission.WAKE_LOCK" />
16-->src/main/AndroidManifest.xml:9:5-68
16-->src/main/AndroidManifest.xml:9:22-65
17    <uses-permission android:name="android.permission.INTERNET" />
17-->src/main/AndroidManifest.xml:10:5-67
17-->src/main/AndroidManifest.xml:10:22-64
18    <uses-permission android:name="android.permission.FOREGROUND_SERVICE" />
18-->src/main/AndroidManifest.xml:11:5-77
18-->src/main/AndroidManifest.xml:11:22-74
19    <uses-permission android:name="android.permission.RECEIVE_BOOT_COMPLETED" />
19-->src/main/AndroidManifest.xml:12:5-80
19-->src/main/AndroidManifest.xml:12:22-78
20    <uses-permission android:name="android.permission.VIBRATE" />
20-->src/main/AndroidManifest.xml:13:5-66
20-->src/main/AndroidManifest.xml:13:22-63
21    <uses-permission android:name="android.permission.ACCESS_NETWORK_STATE" /> <!-- Permissions options for the `notification` group -->
21-->[:firebase_messaging] AndroidManifest.xml:11:5-79
21-->[:firebase_messaging] AndroidManifest.xml:11:22-76
22    <uses-permission android:name="android.permission.POST_NOTIFICATIONS" />
22-->[:firebase_messaging] AndroidManifest.xml:13:5-77
22-->[:firebase_messaging] AndroidManifest.xml:13:22-74
23    <uses-permission android:name="android.permission.USE_FULL_SCREEN_INTENT" />
23-->[:flutter_local_notifications] AndroidManifest.xml:11:5-81
23-->[:flutter_local_notifications] AndroidManifest.xml:11:22-78
24    <uses-permission android:name="android.permission.SCHEDULE_EXACT_ALARM" />
24-->[:flutter_local_notifications] AndroidManifest.xml:12:5-79
24-->[:flutter_local_notifications] AndroidManifest.xml:12:22-76
25    <uses-permission android:name="android.permission.ACCESS_COARSE_LOCATION" /> <!-- Required by older versions of Google Play services to create IID tokens -->
25-->[:location] AndroidManifest.xml:9:5-81
25-->[:location] AndroidManifest.xml:9:22-78
26    <uses-permission android:name="com.google.android.c2dm.permission.RECEIVE" />
26-->[com.google.firebase:firebase-messaging:23.0.8] AndroidManifest.xml:29:5-82
26-->[com.google.firebase:firebase-messaging:23.0.8] AndroidManifest.xml:29:22-79
27
28    <queries>
28-->[com.razorpay:checkout:1.6.19] AndroidManifest.xml:11:5-37:15
29        <intent>
29-->[com.razorpay:checkout:1.6.19] AndroidManifest.xml:12:9-18:18
30            <action android:name="android.intent.action.VIEW" />
30-->[com.google.firebase:firebase-auth:21.0.8] AndroidManifest.xml:34:17-69
30-->[com.google.firebase:firebase-auth:21.0.8] AndroidManifest.xml:34:25-66
31
32            <data
32-->[com.google.firebase:firebase-auth:21.0.8] AndroidManifest.xml:39:17-42:51
33                android:mimeType="*/*"
34                android:scheme="*" />
34-->[com.google.firebase:firebase-auth:21.0.8] AndroidManifest.xml:42:21-48
35        </intent>
36        <intent>
36-->[com.razorpay:checkout:1.6.19] AndroidManifest.xml:19:9-28:18
37            <action android:name="android.intent.action.VIEW" />
37-->[com.google.firebase:firebase-auth:21.0.8] AndroidManifest.xml:34:17-69
37-->[com.google.firebase:firebase-auth:21.0.8] AndroidManifest.xml:34:25-66
38
39            <category android:name="android.intent.category.BROWSABLE" />
39-->[com.google.firebase:firebase-auth:21.0.8] AndroidManifest.xml:37:17-78
39-->[com.google.firebase:firebase-auth:21.0.8] AndroidManifest.xml:37:27-75
40
41            <data
41-->[com.google.firebase:firebase-auth:21.0.8] AndroidManifest.xml:39:17-42:51
42                android:host="pay"
42-->[com.google.firebase:firebase-auth:21.0.8] AndroidManifest.xml:40:21-49
43                android:mimeType="*/*"
44                android:scheme="upi" />
44-->[com.google.firebase:firebase-auth:21.0.8] AndroidManifest.xml:42:21-48
45        </intent>
46        <intent>
46-->[com.razorpay:checkout:1.6.19] AndroidManifest.xml:29:9-31:18
47            <action android:name="android.intent.action.MAIN" />
47-->src/main/AndroidManifest.xml:38:17-68
47-->src/main/AndroidManifest.xml:38:25-66
48        </intent>
49        <intent>
49-->[com.razorpay:checkout:1.6.19] AndroidManifest.xml:32:9-36:18
50            <action android:name="android.intent.action.SEND" />
50-->[com.razorpay:checkout:1.6.19] AndroidManifest.xml:33:13-65
50-->[com.razorpay:checkout:1.6.19] AndroidManifest.xml:33:21-62
51
52            <data android:mimeType="*/*" />
52-->[com.google.firebase:firebase-auth:21.0.8] AndroidManifest.xml:39:17-42:51
53        </intent>
54        <!-- Needs to be explicitly declared on Android R+ -->
55        <package android:name="com.google.android.apps.maps" />
55-->[com.google.android.gms:play-services-maps:18.1.0] AndroidManifest.xml:33:9-64
55-->[com.google.android.gms:play-services-maps:18.1.0] AndroidManifest.xml:33:18-61
56    </queries>
57
58    <uses-feature
58-->[com.google.android.gms:play-services-maps:18.1.0] AndroidManifest.xml:26:5-28:35
59        android:glEsVersion="0x00020000"
59-->[com.google.android.gms:play-services-maps:18.1.0] AndroidManifest.xml:27:9-41
60        android:required="true" />
60-->[com.google.android.gms:play-services-maps:18.1.0] AndroidManifest.xml:28:9-32
61
62    <permission
62-->[androidx.core:core:1.9.0] AndroidManifest.xml:22:5-24:47
63        android:name="com.jhatfat.DYNAMIC_RECEIVER_NOT_EXPORTED_PERMISSION"
63-->[androidx.core:core:1.9.0] AndroidManifest.xml:23:9-81
64        android:protectionLevel="signature" />
64-->[androidx.core:core:1.9.0] AndroidManifest.xml:24:9-44
65
66    <uses-permission android:name="com.jhatfat.DYNAMIC_RECEIVER_NOT_EXPORTED_PERMISSION" />
66-->[androidx.core:core:1.9.0] AndroidManifest.xml:26:5-97
66-->[androidx.core:core:1.9.0] AndroidManifest.xml:26:22-94
67
68    <application
68-->src/main/AndroidManifest.xml:15:5-69:19
69        android:name="com.jhatfat.Application"
69-->src/main/AndroidManifest.xml:17:9-36
70        android:appComponentFactory="androidx.core.app.CoreComponentFactory"
70-->[androidx.core:core:1.9.0] AndroidManifest.xml:28:18-86
71        android:icon="@mipmap/launcher_icon"
71-->src/main/AndroidManifest.xml:18:9-45
72        android:label="@string/app_name" >
72-->src/main/AndroidManifest.xml:16:9-41
73        <activity
73-->src/main/AndroidManifest.xml:20:9-48:20
74            android:name="com.jhatfat.MainActivity"
74-->src/main/AndroidManifest.xml:21:13-41
75            android:configChanges="orientation|keyboardHidden|keyboard|screenSize|smallestScreenSize|locale|layoutDirection|fontScale|screenLayout|density|uiMode"
75-->src/main/AndroidManifest.xml:25:13-163
76            android:exported="true"
76-->src/main/AndroidManifest.xml:22:13-36
77            android:hardwareAccelerated="true"
77-->src/main/AndroidManifest.xml:26:13-47
78            android:launchMode="singleTop"
78-->src/main/AndroidManifest.xml:23:13-43
79            android:theme="@style/LaunchTheme"
79-->src/main/AndroidManifest.xml:24:13-47
80            android:windowSoftInputMode="adjustResize" >
80-->src/main/AndroidManifest.xml:27:13-55
81
82            <!--
83                 Specifies an Android theme to apply to this Activity as soon as
84                 the Android process has started. This theme is visible to the user
85                 while the Flutter UI initializes. After that, this theme continues
86                 to determine the Window background behind the Flutter UI.
87            -->
88            <meta-data
88-->src/main/AndroidManifest.xml:32:13-35:17
89                android:name="io.flutter.embedding.android.NormalTheme"
89-->src/main/AndroidManifest.xml:33:15-70
90                android:resource="@style/NormalTheme" />
90-->src/main/AndroidManifest.xml:34:15-52
91
92            <intent-filter>
92-->src/main/AndroidManifest.xml:37:13-40:29
93                <action android:name="android.intent.action.MAIN" />
93-->src/main/AndroidManifest.xml:38:17-68
93-->src/main/AndroidManifest.xml:38:25-66
94
95                <category android:name="android.intent.category.LAUNCHER" />
95-->src/main/AndroidManifest.xml:39:17-76
95-->src/main/AndroidManifest.xml:39:27-74
96            </intent-filter>
97            <intent-filter>
97-->src/main/AndroidManifest.xml:42:13-45:29
98                <action android:name="FLUTTER_NOTIFICATION_CLICK" />
98-->src/main/AndroidManifest.xml:43:17-69
98-->src/main/AndroidManifest.xml:43:25-66
99
100                <category android:name="android.intent.category.DEFAULT" />
100-->src/main/AndroidManifest.xml:44:17-76
100-->src/main/AndroidManifest.xml:44:27-73
101            </intent-filter>
102        </activity>
103        <!--
104             Don't delete the meta-data below.
105             This is used by the Flutter tool to generate GeneratedPluginRegistrant.java
106        -->
107        <meta-data
107-->src/main/AndroidManifest.xml:51:8-53:32
108            android:name="flutterEmbedding"
108-->src/main/AndroidManifest.xml:52:12-43
109            android:value="2" />
109-->src/main/AndroidManifest.xml:53:12-29
110        <meta-data
110-->src/main/AndroidManifest.xml:56:9-57:46
111            android:name="com.google.android.geo.API_KEY"
111-->src/main/AndroidManifest.xml:56:20-65
112            android:value="@string/map_key" />
112-->src/main/AndroidManifest.xml:57:13-44
113        <meta-data
113-->src/main/AndroidManifest.xml:59:9-61:69
114            android:name="com.google.android.gms.version"
114-->src/main/AndroidManifest.xml:60:13-58
115            android:value="@integer/google_play_services_version" />
115-->src/main/AndroidManifest.xml:61:13-66
116        <!-- Necessary for apps that target Android 9.0 or higher -->
117        <uses-library
117-->src/main/AndroidManifest.xml:63:9-88
118            android:name="org.apache.http.legacy"
118-->src/main/AndroidManifest.xml:63:23-60
119            android:required="false" />
119-->src/main/AndroidManifest.xml:63:61-85
120
121        <meta-data
121-->src/main/AndroidManifest.xml:65:8-67:70
122            android:name="com.google.firebase.messaging.default_notification_channel_id"
122-->src/main/AndroidManifest.xml:66:12-88
123            android:value="@string/default_notification_channel_id" />
123-->src/main/AndroidManifest.xml:67:12-67
124
125        <service
125-->[:firebase_messaging] AndroidManifest.xml:16:9-19:72
126            android:name="io.flutter.plugins.firebase.messaging.FlutterFirebaseMessagingBackgroundService"
126-->[:firebase_messaging] AndroidManifest.xml:17:13-107
127            android:exported="false"
127-->[:firebase_messaging] AndroidManifest.xml:18:13-37
128            android:permission="android.permission.BIND_JOB_SERVICE" />
128-->[:firebase_messaging] AndroidManifest.xml:19:13-69
129        <service
129-->[:firebase_messaging] AndroidManifest.xml:20:9-26:19
130            android:name="io.flutter.plugins.firebase.messaging.FlutterFirebaseMessagingService"
130-->[:firebase_messaging] AndroidManifest.xml:21:13-97
131            android:exported="false" >
131-->[:firebase_messaging] AndroidManifest.xml:22:13-37
132            <intent-filter>
132-->[:firebase_messaging] AndroidManifest.xml:23:13-25:29
133                <action android:name="com.google.firebase.MESSAGING_EVENT" />
133-->[:firebase_messaging] AndroidManifest.xml:24:17-78
133-->[:firebase_messaging] AndroidManifest.xml:24:25-75
134            </intent-filter>
135        </service>
136
137        <receiver
137-->[:firebase_messaging] AndroidManifest.xml:28:9-35:20
138            android:name="io.flutter.plugins.firebase.messaging.FlutterFirebaseMessagingReceiver"
138-->[:firebase_messaging] AndroidManifest.xml:29:13-98
139            android:exported="true"
139-->[:firebase_messaging] AndroidManifest.xml:30:13-36
140            android:permission="com.google.android.c2dm.permission.SEND" >
140-->[:firebase_messaging] AndroidManifest.xml:31:13-73
141            <intent-filter>
141-->[:firebase_messaging] AndroidManifest.xml:32:13-34:29
142                <action android:name="com.google.android.c2dm.intent.RECEIVE" />
142-->[:firebase_messaging] AndroidManifest.xml:33:17-81
142-->[:firebase_messaging] AndroidManifest.xml:33:25-78
143            </intent-filter>
144        </receiver>
145
146        <service
146-->[:firebase_messaging] AndroidManifest.xml:37:9-41:19
147            android:name="com.google.firebase.components.ComponentDiscoveryService"
147-->[:firebase_messaging] AndroidManifest.xml:37:18-89
148            android:directBootAware="true"
148-->[com.google.firebase:firebase-common:20.1.2] AndroidManifest.xml:35:13-43
149            android:exported="false" >
149-->[com.google.firebase:firebase-messaging:23.0.8] AndroidManifest.xml:55:13-37
150            <meta-data
150-->[:firebase_messaging] AndroidManifest.xml:38:13-40:85
151                android:name="com.google.firebase.components:io.flutter.plugins.firebase.messaging.FlutterFirebaseAppRegistrar"
151-->[:firebase_messaging] AndroidManifest.xml:39:17-128
152                android:value="com.google.firebase.components.ComponentRegistrar" />
152-->[:firebase_messaging] AndroidManifest.xml:40:17-82
153            <meta-data
153-->[:cloud_firestore] AndroidManifest.xml:11:13-13:85
154                android:name="com.google.firebase.components:io.flutter.plugins.firebase.firestore.FlutterFirebaseFirestoreRegistrar"
154-->[:cloud_firestore] AndroidManifest.xml:12:17-134
155                android:value="com.google.firebase.components.ComponentRegistrar" />
155-->[:cloud_firestore] AndroidManifest.xml:13:17-82
156            <meta-data
156-->[:firebase_auth] AndroidManifest.xml:11:13-13:85
157                android:name="com.google.firebase.components:io.flutter.plugins.firebase.auth.FlutterFirebaseAuthRegistrar"
157-->[:firebase_auth] AndroidManifest.xml:12:17-124
158                android:value="com.google.firebase.components.ComponentRegistrar" />
158-->[:firebase_auth] AndroidManifest.xml:13:17-82
159            <meta-data
159-->[:firebase_core] AndroidManifest.xml:11:13-13:85
160                android:name="com.google.firebase.components:io.flutter.plugins.firebase.core.FlutterFirebaseCoreRegistrar"
160-->[:firebase_core] AndroidManifest.xml:12:17-124
161                android:value="com.google.firebase.components.ComponentRegistrar" />
161-->[:firebase_core] AndroidManifest.xml:13:17-82
162            <meta-data
162-->[com.google.firebase:firebase-messaging:23.0.8] AndroidManifest.xml:56:13-58:85
163                android:name="com.google.firebase.components:com.google.firebase.messaging.FirebaseMessagingRegistrar"
163-->[com.google.firebase:firebase-messaging:23.0.8] AndroidManifest.xml:57:17-119
164                android:value="com.google.firebase.components.ComponentRegistrar" />
164-->[com.google.firebase:firebase-messaging:23.0.8] AndroidManifest.xml:58:17-82
165            <meta-data
165-->[com.google.firebase:firebase-auth:21.0.8] AndroidManifest.xml:67:13-69:85
166                android:name="com.google.firebase.components:com.google.firebase.auth.FirebaseAuthRegistrar"
166-->[com.google.firebase:firebase-auth:21.0.8] AndroidManifest.xml:68:17-109
167                android:value="com.google.firebase.components.ComponentRegistrar" />
167-->[com.google.firebase:firebase-auth:21.0.8] AndroidManifest.xml:69:17-82
168            <meta-data
168-->[com.google.firebase:firebase-firestore:24.3.1] AndroidManifest.xml:20:13-22:85
169                android:name="com.google.firebase.components:com.google.firebase.firestore.FirestoreRegistrar"
169-->[com.google.firebase:firebase-firestore:24.3.1] AndroidManifest.xml:21:17-111
170                android:value="com.google.firebase.components.ComponentRegistrar" />
170-->[com.google.firebase:firebase-firestore:24.3.1] AndroidManifest.xml:22:17-82
171            <meta-data
171-->[com.google.firebase:firebase-datatransport:18.1.6] AndroidManifest.xml:28:13-30:85
172                android:name="com.google.firebase.components:com.google.firebase.datatransport.TransportRegistrar"
172-->[com.google.firebase:firebase-datatransport:18.1.6] AndroidManifest.xml:29:17-115
173                android:value="com.google.firebase.components.ComponentRegistrar" />
173-->[com.google.firebase:firebase-datatransport:18.1.6] AndroidManifest.xml:30:17-82
174            <meta-data
174-->[com.google.firebase:firebase-installations:17.0.3] AndroidManifest.xml:18:13-20:85
175                android:name="com.google.firebase.components:com.google.firebase.installations.FirebaseInstallationsRegistrar"
175-->[com.google.firebase:firebase-installations:17.0.3] AndroidManifest.xml:19:17-127
176                android:value="com.google.firebase.components.ComponentRegistrar" />
176-->[com.google.firebase:firebase-installations:17.0.3] AndroidManifest.xml:20:17-82
177        </service>
178
179        <provider
179-->[:firebase_messaging] AndroidManifest.xml:43:9-47:38
180            android:name="io.flutter.plugins.firebase.messaging.FlutterFirebaseMessagingInitProvider"
180-->[:firebase_messaging] AndroidManifest.xml:44:13-102
181            android:authorities="com.jhatfat.flutterfirebasemessaginginitprovider"
181-->[:firebase_messaging] AndroidManifest.xml:45:13-88
182            android:exported="false"
182-->[:firebase_messaging] AndroidManifest.xml:46:13-37
183            android:initOrder="99" />
183-->[:firebase_messaging] AndroidManifest.xml:47:13-35
184
185        <service
185-->[:geolocator_android] AndroidManifest.xml:12:9-16:56
186            android:name="com.baseflow.geolocator.GeolocatorLocationService"
186-->[:geolocator_android] AndroidManifest.xml:13:13-77
187            android:enabled="true"
187-->[:geolocator_android] AndroidManifest.xml:14:13-35
188            android:exported="false"
188-->[:geolocator_android] AndroidManifest.xml:15:13-37
189            android:foregroundServiceType="location" />
189-->[:geolocator_android] AndroidManifest.xml:16:13-53
190
191        <receiver
191-->[:flutter_local_notifications] AndroidManifest.xml:16:9-18:40
192            android:name="com.dexterous.flutterlocalnotifications.ScheduledNotificationReceiver"
192-->[:flutter_local_notifications] AndroidManifest.xml:17:13-97
193            android:exported="false" />
193-->[:flutter_local_notifications] AndroidManifest.xml:18:13-37
194        <receiver
194-->[:flutter_local_notifications] AndroidManifest.xml:19:9-28:20
195            android:name="com.dexterous.flutterlocalnotifications.ScheduledNotificationBootReceiver"
195-->[:flutter_local_notifications] AndroidManifest.xml:20:13-101
196            android:exported="false" >
196-->[:flutter_local_notifications] AndroidManifest.xml:21:13-37
197            <intent-filter>
197-->[:flutter_local_notifications] AndroidManifest.xml:22:13-27:29
198                <action android:name="android.intent.action.BOOT_COMPLETED" />
198-->[:flutter_local_notifications] AndroidManifest.xml:23:17-79
198-->[:flutter_local_notifications] AndroidManifest.xml:23:25-76
199                <action android:name="android.intent.action.MY_PACKAGE_REPLACED" />
199-->[:flutter_local_notifications] AndroidManifest.xml:24:17-84
199-->[:flutter_local_notifications] AndroidManifest.xml:24:25-81
200                <action android:name="android.intent.action.QUICKBOOT_POWERON" />
200-->[:flutter_local_notifications] AndroidManifest.xml:25:17-82
200-->[:flutter_local_notifications] AndroidManifest.xml:25:25-79
201                <action android:name="com.htc.intent.action.QUICKBOOT_POWERON" />
201-->[:flutter_local_notifications] AndroidManifest.xml:26:17-82
201-->[:flutter_local_notifications] AndroidManifest.xml:26:25-79
202            </intent-filter>
203        </receiver>
204
205        <provider
205-->[:image_picker_android] AndroidManifest.xml:10:9-18:20
206            android:name="io.flutter.plugins.imagepicker.ImagePickerFileProvider"
206-->[:image_picker_android] AndroidManifest.xml:11:13-82
207            android:authorities="com.jhatfat.flutter.image_provider"
207-->[:image_picker_android] AndroidManifest.xml:12:13-74
208            android:exported="false"
208-->[:image_picker_android] AndroidManifest.xml:13:13-37
209            android:grantUriPermissions="true" >
209-->[:image_picker_android] AndroidManifest.xml:14:13-47
210            <meta-data
210-->[:image_picker_android] AndroidManifest.xml:15:13-17:75
211                android:name="android.support.FILE_PROVIDER_PATHS"
211-->[:image_picker_android] AndroidManifest.xml:16:17-67
212                android:resource="@xml/flutter_image_picker_file_paths" />
212-->[:image_picker_android] AndroidManifest.xml:17:17-72
213        </provider>
214
215        <activity
215-->[:flutter_paystack] AndroidManifest.xml:10:9-12:54
216            android:name="co.paystack.flutterpaystack.AuthActivity"
216-->[:flutter_paystack] AndroidManifest.xml:11:13-68
217            android:theme="@style/Paystack.Dialog" />
217-->[:flutter_paystack] AndroidManifest.xml:12:13-51
218        <activity
218-->[:url_launcher_android] AndroidManifest.xml:10:9-13:74
219            android:name="io.flutter.plugins.urllauncher.WebViewActivity"
219-->[:url_launcher_android] AndroidManifest.xml:11:13-74
220            android:exported="false"
220-->[:url_launcher_android] AndroidManifest.xml:12:13-37
221            android:theme="@android:style/Theme.NoTitleBar.Fullscreen" />
221-->[:url_launcher_android] AndroidManifest.xml:13:13-71
222
223        <service
223-->[:location] AndroidManifest.xml:13:9-17:56
224            android:name="com.lyokone.location.FlutterLocationService"
224-->[:location] AndroidManifest.xml:14:13-71
225            android:enabled="true"
225-->[:location] AndroidManifest.xml:15:13-35
226            android:exported="false"
226-->[:location] AndroidManifest.xml:16:13-37
227            android:foregroundServiceType="location" />
227-->[:location] AndroidManifest.xml:17:13-53
228
229        <uses-library
229-->[androidx.window:window:1.0.0-beta04] AndroidManifest.xml:25:9-27:40
230            android:name="androidx.window.extensions"
230-->[androidx.window:window:1.0.0-beta04] AndroidManifest.xml:26:13-54
231            android:required="false" />
231-->[androidx.window:window:1.0.0-beta04] AndroidManifest.xml:27:13-37
232        <uses-library
232-->[androidx.window:window:1.0.0-beta04] AndroidManifest.xml:28:9-30:40
233            android:name="androidx.window.sidecar"
233-->[androidx.window:window:1.0.0-beta04] AndroidManifest.xml:29:13-51
234            android:required="false" />
234-->[androidx.window:window:1.0.0-beta04] AndroidManifest.xml:30:13-37
235
236        <receiver
236-->[com.google.firebase:firebase-messaging:23.0.8] AndroidManifest.xml:32:9-39:20
237            android:name="com.google.firebase.iid.FirebaseInstanceIdReceiver"
237-->[com.google.firebase:firebase-messaging:23.0.8] AndroidManifest.xml:33:13-78
238            android:exported="true"
238-->[com.google.firebase:firebase-messaging:23.0.8] AndroidManifest.xml:34:13-36
239            android:permission="com.google.android.c2dm.permission.SEND" >
239-->[com.google.firebase:firebase-messaging:23.0.8] AndroidManifest.xml:35:13-73
240            <intent-filter>
240-->[:firebase_messaging] AndroidManifest.xml:32:13-34:29
241                <action android:name="com.google.android.c2dm.intent.RECEIVE" />
241-->[:firebase_messaging] AndroidManifest.xml:33:17-81
241-->[:firebase_messaging] AndroidManifest.xml:33:25-78
242            </intent-filter>
243        </receiver>
244        <!--
245             FirebaseMessagingService performs security checks at runtime,
246             but set to not exported to explicitly avoid allowing another app to call it.
247        -->
248        <service
248-->[com.google.firebase:firebase-messaging:23.0.8] AndroidManifest.xml:45:9-52:19
249            android:name="com.google.firebase.messaging.FirebaseMessagingService"
249-->[com.google.firebase:firebase-messaging:23.0.8] AndroidManifest.xml:46:13-82
250            android:directBootAware="true"
250-->[com.google.firebase:firebase-messaging:23.0.8] AndroidManifest.xml:47:13-43
251            android:exported="false" >
251-->[com.google.firebase:firebase-messaging:23.0.8] AndroidManifest.xml:48:13-37
252            <intent-filter android:priority="-500" >
252-->[:firebase_messaging] AndroidManifest.xml:23:13-25:29
253                <action android:name="com.google.firebase.MESSAGING_EVENT" />
253-->[:firebase_messaging] AndroidManifest.xml:24:17-78
253-->[:firebase_messaging] AndroidManifest.xml:24:25-75
254            </intent-filter>
255        </service>
256
257        <activity
257-->[com.google.firebase:firebase-auth:21.0.8] AndroidManifest.xml:27:9-44:20
258            android:name="com.google.firebase.auth.internal.GenericIdpActivity"
258-->[com.google.firebase:firebase-auth:21.0.8] AndroidManifest.xml:28:13-80
259            android:excludeFromRecents="true"
259-->[com.google.firebase:firebase-auth:21.0.8] AndroidManifest.xml:29:13-46
260            android:exported="true"
260-->[com.google.firebase:firebase-auth:21.0.8] AndroidManifest.xml:30:13-36
261            android:launchMode="singleTask"
261-->[com.google.firebase:firebase-auth:21.0.8] AndroidManifest.xml:31:13-44
262            android:theme="@android:style/Theme.Translucent.NoTitleBar" >
262-->[com.google.firebase:firebase-auth:21.0.8] AndroidManifest.xml:32:13-72
263            <intent-filter>
263-->[com.google.firebase:firebase-auth:21.0.8] AndroidManifest.xml:33:13-43:29
264                <action android:name="android.intent.action.VIEW" />
264-->[com.google.firebase:firebase-auth:21.0.8] AndroidManifest.xml:34:17-69
264-->[com.google.firebase:firebase-auth:21.0.8] AndroidManifest.xml:34:25-66
265
266                <category android:name="android.intent.category.DEFAULT" />
266-->src/main/AndroidManifest.xml:44:17-76
266-->src/main/AndroidManifest.xml:44:27-73
267                <category android:name="android.intent.category.BROWSABLE" />
267-->[com.google.firebase:firebase-auth:21.0.8] AndroidManifest.xml:37:17-78
267-->[com.google.firebase:firebase-auth:21.0.8] AndroidManifest.xml:37:27-75
268
269                <data
269-->[com.google.firebase:firebase-auth:21.0.8] AndroidManifest.xml:39:17-42:51
270                    android:host="firebase.auth"
270-->[com.google.firebase:firebase-auth:21.0.8] AndroidManifest.xml:40:21-49
271                    android:path="/"
271-->[com.google.firebase:firebase-auth:21.0.8] AndroidManifest.xml:41:21-37
272                    android:scheme="genericidp" />
272-->[com.google.firebase:firebase-auth:21.0.8] AndroidManifest.xml:42:21-48
273            </intent-filter>
274        </activity>
275        <activity
275-->[com.google.firebase:firebase-auth:21.0.8] AndroidManifest.xml:45:9-62:20
276            android:name="com.google.firebase.auth.internal.RecaptchaActivity"
276-->[com.google.firebase:firebase-auth:21.0.8] AndroidManifest.xml:46:13-79
277            android:excludeFromRecents="true"
277-->[com.google.firebase:firebase-auth:21.0.8] AndroidManifest.xml:47:13-46
278            android:exported="true"
278-->[com.google.firebase:firebase-auth:21.0.8] AndroidManifest.xml:48:13-36
279            android:launchMode="singleTask"
279-->[com.google.firebase:firebase-auth:21.0.8] AndroidManifest.xml:49:13-44
280            android:theme="@android:style/Theme.Translucent.NoTitleBar" >
280-->[com.google.firebase:firebase-auth:21.0.8] AndroidManifest.xml:50:13-72
281            <intent-filter>
281-->[com.google.firebase:firebase-auth:21.0.8] AndroidManifest.xml:51:13-61:29
282                <action android:name="android.intent.action.VIEW" />
282-->[com.google.firebase:firebase-auth:21.0.8] AndroidManifest.xml:34:17-69
282-->[com.google.firebase:firebase-auth:21.0.8] AndroidManifest.xml:34:25-66
283
284                <category android:name="android.intent.category.DEFAULT" />
284-->src/main/AndroidManifest.xml:44:17-76
284-->src/main/AndroidManifest.xml:44:27-73
285                <category android:name="android.intent.category.BROWSABLE" />
285-->[com.google.firebase:firebase-auth:21.0.8] AndroidManifest.xml:37:17-78
285-->[com.google.firebase:firebase-auth:21.0.8] AndroidManifest.xml:37:27-75
286
287                <data
287-->[com.google.firebase:firebase-auth:21.0.8] AndroidManifest.xml:39:17-42:51
288                    android:host="firebase.auth"
288-->[com.google.firebase:firebase-auth:21.0.8] AndroidManifest.xml:40:21-49
289                    android:path="/"
289-->[com.google.firebase:firebase-auth:21.0.8] AndroidManifest.xml:41:21-37
290                    android:scheme="recaptcha" />
290-->[com.google.firebase:firebase-auth:21.0.8] AndroidManifest.xml:42:21-48
291            </intent-filter>
292        </activity>
293
294        <provider
294-->[com.google.firebase:firebase-common:20.1.2] AndroidManifest.xml:26:9-31:39
295            android:name="com.google.firebase.provider.FirebaseInitProvider"
295-->[com.google.firebase:firebase-common:20.1.2] AndroidManifest.xml:27:13-77
296            android:authorities="com.jhatfat.firebaseinitprovider"
296-->[com.google.firebase:firebase-common:20.1.2] AndroidManifest.xml:28:13-72
297            android:directBootAware="true"